<?xml version="1.0" encoding="UTF-8"?>
<testng-results ignored="0" total="1" passed="1" failed="0" skipped="0">
  <reporter-output>
    <line>
      <![CDATA[openBrowser]]>
    </line>
    <line>
      <![CDATA[login]]>
    </line>
    <line>
      <![CDATA[logout]]>
    </line>
    <line>
      <![CDATA[close browser]]>
    </line>
  </reporter-output>
  <suite started-at="2024-08-08T11:38:36 IST" name="Default suite" finished-at="2024-08-08T11:38:58 IST" duration-ms="21232">
    <groups>
    </groups>
    <test started-at="2024-08-08T11:38:36 IST" name="Default test" finished-at="2024-08-08T11:38:58 IST" duration-ms="21232">
      <class name="com.nayara.testscript.TestScript">
        <test-method is-config="true" signature="openBrowser()[pri:0, instance:com.nayara.testscript.TestScript@485966cc]" started-at="2024-08-08T11:38:36 IST" name="openBrowser" finished-at="2024-08-08T11:38:37 IST" duration-ms="989" status="PASS">
          <reporter-output>
            <line>
              <![CDATA[openBrowser]]>
            </line>
          </reporter-output>
        </test-method> <!-- openBrowser -->
        <test-method is-config="true" signature="login()[pri:0, instance:com.nayara.testscript.TestScript@485966cc]" started-at="2024-08-08T11:38:37 IST" name="login" finished-at="2024-08-08T11:38:44 IST" duration-ms="6751" status="PASS">
          <reporter-output>
            <line>
              <![CDATA[login]]>
            </line>
          </reporter-output>
        </test-method> <!-- login -->
        <test-method signature="testUserPage()[pri:0, instance:com.nayara.testscript.TestScript@485966cc]" started-at="2024-08-08T11:38:44 IST" name="testUserPage" finished-at="2024-08-08T11:38:56 IST" duration-ms="12333" status="PASS">
          <reporter-output>
          </reporter-output>
        </test-method> <!-- testUserPage -->
        <test-method is-config="true" signature="logout()[pri:0, instance:com.nayara.testscript.TestScript@485966cc]" started-at="2024-08-08T11:38:56 IST" name="logout" finished-at="2024-08-08T11:38:58 IST" duration-ms="1075" status="FAIL">
          <exception class="org.openqa.selenium.ElementClickInterceptedException">
            <message>
              <![CDATA[element click intercepted: Element <button _ngcontent-dna-c3="" class="nav-icon dropdown-toggle" clrdropdowntrigger="" aria-haspopup="menu" aria-expanded="false">...</button> is not clickable at point (1581, 37). Other element would receive the click: <div _ngcontent-dna-c1="" class="modal-backdrop ng-trigger ng-trigger-fade" aria-hidden="true"></div>
  (Session info: chrome=127.0.6533.99)
Build info: version: '4.21.0', revision: '79ed462ef4'
System info: os.name: 'Linux', os.arch: 'amd64', os.version: '5.15.0-117-generic', java.version: '21.0.3'
Driver info: org.openqa.selenium.chrome.ChromeDriver
Command: [4c960962330e97a20812d50c3446aa11, clickElement {id=f.7824FF89EBBB1AFA29A18C22FC3DDC90.d.208ADDFE96977F7E296A11B63666E4D1.e.149}]
Capabilities {acceptInsecureCerts: false, browserName: chrome, browserVersion: 127.0.6533.99, chrome: {chromedriverVersion: 127.0.6533.99 (f31af5097d90..., userDataDir: /tmp/.org.chromium.Chromium...}, fedcm:accounts: true, goog:chromeOptions: {debuggerAddress: localhost:45931}, networkConnectionEnabled: false, pageLoadStrategy: normal, platformName: linux, proxy: Proxy(), se:cdp: ws://localhost:45931/devtoo..., se:cdpVersion: 127.0.6533.99, setWindowRect: true, strictFileInteractability: false, timeouts: {implicit: 0, pageLoad: 300000, script: 30000}, unhandledPromptBehavior: dismiss and notify, webauthn:extension:credBlob: true, webauthn:extension:largeBlob: true, webauthn:extension:minPinLength: true, webauthn:extension:prf: true, webauthn:virtualAuthenticators: true}
Element: [[ChromeDriver: chrome on linux (4c960962330e97a20812d50c3446aa11)] -> xpath: //button[@class='nav-icon dropdown-toggle']]
Session ID: 4c960962330e97a20812d50c3446aa11]]>
            </message>
            <full-stacktrace>
              <![CDATA[org.openqa.selenium.ElementClickInterceptedException: element click intercepted: Element <button _ngcontent-dna-c3="" class="nav-icon dropdown-toggle" clrdropdowntrigger="" aria-haspopup="menu" aria-expanded="false">...</button> is not clickable at point (1581, 37). Other element would receive the click: <div _ngcontent-dna-c1="" class="modal-backdrop ng-trigger ng-trigger-fade" aria-hidden="true"></div>
  (Session info: chrome=127.0.6533.99)
Build info: version: '4.21.0', revision: '79ed462ef4'
System info: os.name: 'Linux', os.arch: 'amd64', os.version: '5.15.0-117-generic', java.version: '21.0.3'
Driver info: org.openqa.selenium.chrome.ChromeDriver
Command: [4c960962330e97a20812d50c3446aa11, clickElement {id=f.7824FF89EBBB1AFA29A18C22FC3DDC90.d.208ADDFE96977F7E296A11B63666E4D1.e.149}]
Capabilities {acceptInsecureCerts: false, browserName: chrome, browserVersion: 127.0.6533.99, chrome: {chromedriverVersion: 127.0.6533.99 (f31af5097d90..., userDataDir: /tmp/.org.chromium.Chromium...}, fedcm:accounts: true, goog:chromeOptions: {debuggerAddress: localhost:45931}, networkConnectionEnabled: false, pageLoadStrategy: normal, platformName: linux, proxy: Proxy(), se:cdp: ws://localhost:45931/devtoo..., se:cdpVersion: 127.0.6533.99, setWindowRect: true, strictFileInteractability: false, timeouts: {implicit: 0, pageLoad: 300000, script: 30000}, unhandledPromptBehavior: dismiss and notify, webauthn:extension:credBlob: true, webauthn:extension:largeBlob: true, webauthn:extension:minPinLength: true, webauthn:extension:prf: true, webauthn:virtualAuthenticators: true}
Element: [[ChromeDriver: chrome on linux (4c960962330e97a20812d50c3446aa11)] -> xpath: //button[@class='nav-icon dropdown-toggle']]
Session ID: 4c960962330e97a20812d50c3446aa11
at java.base/jdk.internal.reflect.DirectConstructorHandleAccessor.newInstance(DirectConstructorHandleAccessor.java:62)
at java.base/java.lang.reflect.Constructor.newInstanceWithCaller(Constructor.java:502)
at java.base/java.lang.reflect.Constructor.newInstance(Constructor.java:486)
at org.openqa.selenium.remote.ErrorCodec.decode(ErrorCodec.java:167)
at org.openqa.selenium.remote.codec.w3c.W3CHttpResponseCodec.decode(W3CHttpResponseCodec.java:138)
at org.openqa.selenium.remote.codec.w3c.W3CHttpResponseCodec.decode(W3CHttpResponseCodec.java:50)
at org.openqa.selenium.remote.HttpCommandExecutor.execute(HttpCommandExecutor.java:190)
at org.openqa.selenium.remote.service.DriverCommandExecutor.invokeExecute(DriverCommandExecutor.java:216)
at org.openqa.selenium.remote.service.DriverCommandExecutor.execute(DriverCommandExecutor.java:174)
at org.openqa.selenium.remote.RemoteWebDriver.execute(RemoteWebDriver.java:518)
at org.openqa.selenium.remote.RemoteWebElement.execute(RemoteWebElement.java:223)
at org.openqa.selenium.remote.RemoteWebElement.click(RemoteWebElement.java:76)
at java.base/jdk.internal.reflect.DirectMethodHandleAccessor.invoke(DirectMethodHandleAccessor.java:103)
at java.base/java.lang.reflect.Method.invoke(Method.java:580)
at org.openqa.selenium.support.pagefactory.internal.LocatingElementHandler.invoke(LocatingElementHandler.java:51)
at jdk.proxy2/jdk.proxy2.$Proxy15.click(Unknown Source)
at com.nayara.pom.HomePage.setLogout(HomePage.java:22)
at com.nayara.generic.BaseClass.logout(BaseClass.java:53)
at java.base/jdk.internal.reflect.DirectMethodHandleAccessor.invoke(DirectMethodHandleAccessor.java:103)
at java.base/java.lang.reflect.Method.invoke(Method.java:580)
at org.testng.internal.MethodInvocationHelper.invokeMethod(MethodInvocationHelper.java:133)
at org.testng.internal.MethodInvocationHelper.invokeMethodConsideringTimeout(MethodInvocationHelper.java:62)
at org.testng.internal.ConfigInvoker.invokeConfigurationMethod(ConfigInvoker.java:385)
at org.testng.internal.ConfigInvoker.invokeConfigurations(ConfigInvoker.java:321)
at org.testng.internal.TestInvoker.runConfigMethods(TestInvoker.java:700)
at org.testng.internal.TestInvoker.runAfterGroupsConfigurations(TestInvoker.java:676)
at org.testng.internal.TestInvoker.invokeMethod(TestInvoker.java:660)
at org.testng.internal.TestInvoker.invokeTestMethod(TestInvoker.java:173)
at org.testng.internal.MethodRunner.runInSequence(MethodRunner.java:46)
at org.testng.internal.TestInvoker$MethodInvocationAgent.invoke(TestInvoker.java:824)
at org.testng.internal.TestInvoker.invokeTestMethods(TestInvoker.java:146)
at org.testng.internal.TestMethodWorker.invokeTestMethods(TestMethodWorker.java:146)
at org.testng.internal.TestMethodWorker.run(TestMethodWorker.java:128)
at java.base/java.util.ArrayList.forEach(ArrayList.java:1596)
at org.testng.TestRunner.privateRun(TestRunner.java:794)
at org.testng.TestRunner.run(TestRunner.java:596)
at org.testng.SuiteRunner.runTest(SuiteRunner.java:377)
at org.testng.SuiteRunner.runSequentially(SuiteRunner.java:371)
at org.testng.SuiteRunner.privateRun(SuiteRunner.java:332)
at org.testng.SuiteRunner.run(SuiteRunner.java:276)
at org.testng.SuiteRunnerWorker.runSuite(SuiteRunnerWorker.java:53)
at org.testng.SuiteRunnerWorker.run(SuiteRunnerWorker.java:96)
at org.testng.TestNG.runSuitesSequentially(TestNG.java:1212)
at org.testng.TestNG.runSuitesLocally(TestNG.java:1134)
at org.testng.TestNG.runSuites(TestNG.java:1063)
at org.testng.TestNG.run(TestNG.java:1031)
at org.testng.remote.AbstractRemoteTestNG.run(AbstractRemoteTestNG.java:115)
at org.testng.remote.RemoteTestNG.initAndRun(RemoteTestNG.java:293)
at org.testng.remote.RemoteTestNG.main(RemoteTestNG.java:91)
]]>
            </full-stacktrace>
          </exception> <!-- org.openqa.selenium.ElementClickInterceptedException -->
          <reporter-output>
            <line>
              <![CDATA[logout]]>
            </line>
          </reporter-output>
        </test-method> <!-- logout -->
        <test-method is-config="true" signature="closeBrowser()[pri:0, instance:com.nayara.testscript.TestScript@485966cc]" started-at="2024-08-08T11:38:58 IST" name="closeBrowser" finished-at="2024-08-08T11:38:58 IST" duration-ms="60" status="PASS">
          <reporter-output>
            <line>
              <![CDATA[close browser]]>
            </line>
          </reporter-output>
        </test-method> <!-- closeBrowser -->
      </class> <!-- com.nayara.testscript.TestScript -->
    </test> <!-- Default test -->
  </suite> <!-- Default suite -->
</testng-results>
